<?xml version="1.0" encoding="UTF-8"?>
<testsuite name="co.com.atm.usecase.checktransactionhistory.CheckTransactionHistoryUseCaseTest" tests="3" skipped="0" failures="0" errors="0" timestamp="2023-11-01T22:04:43" hostname="MacBook-Pro-2.local" time="0.036">
  <properties/>
  <testcase name="getTransactionHistoryByAccount_ExistingAccountId_ReturnsTransactionList()" classname="co.com.atm.usecase.checktransactionhistory.CheckTransactionHistoryUseCaseTest" time="0.026"/>
  <testcase name="getTransactionHistoryByAccount_NonExistingAccountId_ThrowsAccountNotFoundException()" classname="co.com.atm.usecase.checktransactionhistory.CheckTransactionHistoryUseCaseTest" time="0.006"/>
  <testcase name="getAll_ReturnsAllTransactions()" classname="co.com.atm.usecase.checktransactionhistory.CheckTransactionHistoryUseCaseTest" time="0.002"/>
  <system-out><![CDATA[]]></system-out>
  <system-err><![CDATA[]]></system-err>
</testsuite>
