<?xml version="1.0" encoding="UTF-8"?>
<testsuite name="co.com.atm.usecase.checkbalance.CheckBalanceUseCaseTest" tests="2" skipped="0" failures="0" errors="0" timestamp="2023-11-01T22:04:43" hostname="MacBook-Pro-2.local" time="0.073">
  <properties/>
  <testcase name="validateBalance_WithInsufficientBalance_ThrowsInsufficientBalanceException()" classname="co.com.atm.usecase.checkbalance.CheckBalanceUseCaseTest" time="0.066"/>
  <testcase name="validateBalance_WithSufficientBalance_DoesNotThrowException()" classname="co.com.atm.usecase.checkbalance.CheckBalanceUseCaseTest" time="0.005"/>
  <system-out><![CDATA[]]></system-out>
  <system-err><![CDATA[]]></system-err>
</testsuite>
