<?xml version="1.0" encoding="UTF-8"?>
<testsuite name="co.com.atm.usecase.transactions.TransactionsUseCaseTest" tests="1" skipped="0" failures="0" errors="0" timestamp="2023-11-01T22:04:43" hostname="MacBook-Pro-2.local" time="0.017">
  <properties/>
  <testcase name="makeWithdrawal_ValidWithdrawal_ReturnsWithdrawalTransaction()" classname="co.com.atm.usecase.transactions.TransactionsUseCaseTest" time="0.017"/>
  <system-out><![CDATA[]]></system-out>
  <system-err><![CDATA[]]></system-err>
</testsuite>
