<?xml version="1.0" encoding="UTF-8"?>
<testsuite name="co.com.atm.ArchitectureTest" tests="5" skipped="0" failures="0" errors="0" timestamp="2023-11-01T22:04:48" hostname="MacBook-Pro-2.local" time="0.124">
  <properties/>
  <testcase name="domainClassesShouldNotBeNamedWithToolNames()" classname="co.com.atm.ArchitectureTest" time="0.036"/>
  <testcase name="domainClassesShouldNotHaveFieldsNamedWithToolNames()" classname="co.com.atm.ArchitectureTest" time="0.016"/>
  <testcase name="useCaseFinalFields()" classname="co.com.atm.ArchitectureTest" time="0.004"/>
  <testcase name="beansShouldOnlyHaveFinalFields()" classname="co.com.atm.ArchitectureTest" time="0.007"/>
  <testcase name="domainClassesShouldNotBeNamedWithTechSuffixes()" classname="co.com.atm.ArchitectureTest" time="0.001"/>
  <system-out><![CDATA[17:04:47.560 [Test worker] INFO com.tngtech.archunit.core.PluginLoader -- Detected Java version 17.0.7
]]></system-out>
  <system-err><![CDATA[]]></system-err>
</testsuite>
